{"/home/jackie/Documents/mac_documents/workspace/contract-form/src/main/resources/js/contract-entry.js":{"path":"/home/jackie/Documents/mac_documents/workspace/contract-form/src/main/resources/js/contract-entry.js","s":{"1":1,"2":1,"3":1,"4":0,"5":0,"6":1,"7":1,"8":0,"9":0,"10":0,"11":1},"b":{},"f":{"1":0,"2":0,"3":0},"fnMap":{"1":{"name":"ClassData","line":12,"loc":{"start":{"line":12,"column":0},"end":{"line":12,"column":21}}},"2":{"name":"ContractData","line":34,"loc":{"start":{"line":34,"column":0},"end":{"line":34,"column":24}}},"3":{"name":"ContractEntry","line":55,"loc":{"start":{"line":55,"column":0},"end":{"line":55,"column":35}}}},"statementMap":{"1":{"start":{"line":12,"column":0},"end":{"line":12,"column":23}},"2":{"start":{"line":14,"column":0},"end":{"line":20,"column":2}},"3":{"start":{"line":34,"column":0},"end":{"line":36,"column":1}},"4":{"start":{"line":35,"column":2},"end":{"line":35,"column":65}},"5":{"start":{"line":35,"column":48},"end":{"line":35,"column":63}},"6":{"start":{"line":38,"column":0},"end":{"line":47,"column":2}},"7":{"start":{"line":55,"column":0},"end":{"line":59,"column":1}},"8":{"start":{"line":56,"column":2},"end":{"line":56,"column":31}},"9":{"start":{"line":57,"column":2},"end":{"line":57,"column":41}},"10":{"start":{"line":58,"column":2},"end":{"line":58,"column":47}},"11":{"start":{"line":61,"column":0},"end":{"line":65,"column":2}}},"branchMap":{}}}